<?xml version='1.0' encoding='UTF-8'?>
<testsuite hostname="CN3126CH011005" name="web.WebServerSuite" tests="10" errors="0" failures="0" skipped="0" time="7.407" timestamp="2023-12-15T11:31:28">
          <properties>
      <property name="awt.toolkit" value="sun.awt.X11.XToolkit"/><property name="java.specification.version" value="11"/><property name="sun.cpu.isalist" value=""/><property name="sun.jnu.encoding" value="UTF-8"/><property name="sun.arch.data.model" value="64"/><property name="java.vendor.url" value="https://adoptium.net/"/><property name="sun.boot.library.path" value="/home/bsoleille/.cache/coursier/arc/https/github.com/adoptium/temurin11-binaries/releases/download/jdk-11.0.20%252B8/OpenJDK11U-jdk_x64_linux_hotspot_11.0.20_8.tar.gz/jdk-11.0.20+8/lib"/><property name="sun.java.command" value="/home/bsoleille/.cache/coursier/arc/https/github.com/sbt/sbt/releases/download/v1.9.6/sbt-1.9.6.zip/sbt/bin/sbt-launch.jar coverage +test +coverageReport"/><property name="jdk.debug" value="release"/><property name="java.specification.vendor" value="Oracle Corporation"/><property name="java.version.date" value="2023-07-18"/><property name="java.home" value="/home/bsoleille/.cache/coursier/arc/https/github.com/adoptium/temurin11-binaries/releases/download/jdk-11.0.20%252B8/OpenJDK11U-jdk_x64_linux_hotspot_11.0.20_8.tar.gz/jdk-11.0.20+8"/><property name="file.separator" value="/"/><property name="java.vm.compressedOopsMode" value="32-bit"/><property name="line.separator" value="
"/><property name="java.specification.name" value="Java Platform API Specification"/><property name="java.vm.specification.vendor" value="Oracle Corporation"/><property name="sun.management.compiler" value="HotSpot 64-Bit Tiered Compilers"/><property name="java.runtime.version" value="11.0.20+8"/><property name="user.name" value="bsoleille"/><property name="log4j.ignoreTCL" value="true"/><property name="file.encoding" value="UTF-8"/><property name="jnidispatch.path" value="/home/bsoleille/.cache/JNA/temp/jna15042488744221659014.tmp"/><property name="java.vendor.version" value="Temurin-11.0.20+8"/><property name="jna.loaded" value="true"/><property name="java.io.tmpdir" value="/tmp"/><property name="java.version" value="11.0.20"/><property name="java.vm.specification.name" value="Java Virtual Machine Specification"/><property name="java.awt.printerjob" value="sun.print.PSPrinterJob"/><property name="sun.os.patch.level" value="unknown"/><property name="java.library.path" value="/usr/java/packages/lib:/usr/lib64:/lib64:/lib:/usr/lib"/><property name="java.vendor" value="Eclipse Adoptium"/><property name="java.specification.maintenance.version" value="2"/><property name="scala.ext.dirs" value="/home/bsoleille/.sbt/1.0/java9-rt-ext-eclipse_adoptium_11_0_20"/><property name="sun.io.unicode.encoding" value="UnicodeLittle"/><property name="sun.desktop" value="gnome"/><property name="java.class.path" value="/home/bsoleille/.cache/coursier/arc/https/github.com/sbt/sbt/releases/download/v1.9.6/sbt-1.9.6.zip/sbt/bin/sbt-launch.jar"/><property name="java.vm.vendor" value="Eclipse Adoptium"/><property name="jline.shutdownhook" value="false"/><property name="user.timezone" value="Europe/Zurich"/><property name="os.name" value="Linux"/><property name="java.vm.specification.version" value="11"/><property name="sun.java.launcher" value="SUN_STANDARD"/><property name="user.country" value="US"/><property name="sun.cpu.endian" value="little"/><property name="user.home" value="/home/bsoleille"/><property name="user.language" value="en"/><property name="sbt.script" value="/home/bsoleille/.cache/coursier/arc/https/github.com/sbt/sbt/releases/download/v1.9.6/sbt-1.9.6.zip/sbt/bin/sbt"/><property name="sbt.ipcsocket.tmpdir" value="/run/user/1001/.sbt37d8d134/ipcsocket"/><property name="swoval.tmpdir" value="/run/user/1001/.sbt37d8d134/swoval"/><property name="java.awt.graphicsenv" value="sun.awt.X11GraphicsEnvironment"/><property name="jline.esc.timeout" value="0"/><property name="path.separator" value=":"/><property name="os.version" value="6.2.0-37-generic"/><property name="jna.nosys" value="true"/><property name="java.runtime.name" value="OpenJDK Runtime Environment"/><property name="java.vm.name" value="OpenJDK 64-Bit Server VM"/><property name="jna.platform.library.path" value="/usr/lib/x86_64-linux-gnu:/lib/x86_64-linux-gnu:/usr/lib64:/lib64:/usr/lib:/lib"/><property name="java.vendor.url.bug" value="https://github.com/adoptium/adoptium-support/issues"/><property name="user.dir" value="/home/bsoleille/gitea/project-effective-scala-c1-s14-3039-4085"/><property name="os.arch" value="amd64"/><property name="java.vm.info" value="mixed mode"/><property name="java.vm.version" value="11.0.20+8"/><property name="java.class.version" value="55.0"/>
    </properties>
          <testcase classname="web.WebServerSuite" name="POST /do-thing should return the expected result" time="1.692">
                      
                    </testcase><testcase classname="web.WebServerSuite" name="GET /showdfstring should return the expected result" time="2.664">
                      
                    </testcase><testcase classname="web.WebServerSuite" name="GET /doesnt-exist should return correct status code" time="0.023">
                      
                    </testcase><testcase classname="web.WebServerSuite" name="GET /resultsstring1 should return the expected string" time="0.009">
                      
                    </testcase><testcase classname="web.WebServerSuite" name="GET /resultsstring2 should return the expected string" time="0.012">
                      
                    </testcase><testcase classname="web.WebServerSuite" name="Static files are served correctly" time="0.024">
                      
                    </testcase><testcase classname="web.WebServerSuite" name="POST /evaluate1 with valid JSON should return 200 status code" time="0.011">
                      
                    </testcase><testcase classname="web.WebServerSuite" name="POST /evaluate1 with invalid JSON should return error" time="0.011">
                      
                    </testcase><testcase classname="web.WebServerSuite" name="POST /evaluate2 with valid JSON should return 200 status code" time="2.836">
                      
                    </testcase><testcase classname="web.WebServerSuite" name="POST /evaluate2 with invalid JSON should return error" time="0.125">
                      
                    </testcase>
          <system-out><![CDATA[]]></system-out>
          <system-err><![CDATA[]]></system-err>
        </testsuite>